This is pdfTeXk, Version 3.141592-1.40.3 (Web2C 7.5.6) (format=latex 2008.1.25)  6 FEB 2008 00:18
entering extended mode
 Source specials enabled.
 %&-line parsing enabled.
**docs.tex
(./docs.tex
LaTeX2e <2005/12/01>
Babel <v3.8h> and hyphenation patterns for english, usenglishmax, dumylang, noh
yphenation, arabic, basque, bulgarian, coptic, welsh, czech, slovak, german, ng
erman, danish, esperanto, spanish, catalan, galician, estonian, farsi, finnish,
 french, greek, monogreek, ancientgreek, croatian, hungarian, interlingua, ibyc
us, indonesian, icelandic, italian, latin, mongolian, dutch, norsk, polish, por
tuguese, pinyin, romanian, russian, slovenian, uppersorbian, serbian, swedish, 
turkish, ukenglish, ukrainian, loaded.
(/usr/local/texlive/2007/texmf-dist/tex/latex/base/report.cls
Document Class: report 2005/09/16 v1.4f Standard LaTeX document class
(/usr/local/texlive/2007/texmf-dist/tex/latex/base/size11.clo
File: size11.clo 2005/09/16 v1.4f Standard LaTeX file (size option)
)
\c@part=\count79
\c@chapter=\count80
\c@section=\count81
\c@subsection=\count82
\c@subsubsection=\count83
\c@paragraph=\count84
\c@subparagraph=\count85
\c@figure=\count86
\c@table=\count87
\abovecaptionskip=\skip41
\belowcaptionskip=\skip42
\bibindent=\dimen102
)
(/usr/local/texlive/2007/texmf-dist/tex/latex/base/ifthen.sty
Package: ifthen 2001/05/26 v1.1c Standard LaTeX ifthen package (DPC)
)
(/usr/local/texlive/2007/texmf-dist/tex/latex/graphics/color.sty
Package: color 2005/11/14 v1.0j Standard LaTeX Color (DPC)

(/usr/local/texlive/2007/texmf/tex/latex/config/color.cfg
File: color.cfg 2007/01/18 v1.5 color configuration of teTeX/TeXLive
)
Package color Info: Driver file: dvips.def on input line 130.

(/usr/local/texlive/2007/texmf-dist/tex/latex/graphics/dvips.def
File: dvips.def 1999/02/16 v3.0i Driver-dependant file (DPC,SPQR)
)
(/usr/local/texlive/2007/texmf-dist/tex/latex/graphics/dvipsnam.def
File: dvipsnam.def 1999/02/16 v3.0i Driver-dependant file (DPC,SPQR)
))
(./docs.aux)
\openout1 = `docs.aux'.

LaTeX Font Info:    Checking defaults for OML/cmm/m/it on input line 80.
LaTeX Font Info:    ... okay on input line 80.
LaTeX Font Info:    Checking defaults for T1/cmr/m/n on input line 80.
LaTeX Font Info:    ... okay on input line 80.
LaTeX Font Info:    Checking defaults for OT1/cmr/m/n on input line 80.
LaTeX Font Info:    ... okay on input line 80.
LaTeX Font Info:    Checking defaults for OMS/cmsy/m/n on input line 80.
LaTeX Font Info:    ... okay on input line 80.
LaTeX Font Info:    Checking defaults for OMX/cmex/m/n on input line 80.
LaTeX Font Info:    ... okay on input line 80.
LaTeX Font Info:    Checking defaults for U/cmr/m/n on input line 80.
LaTeX Font Info:    ... okay on input line 80.
 (./docs.toc
LaTeX Font Info:    External font `cmex10' loaded for size
(Font)              <10.95> on input line 4.
LaTeX Font Info:    External font `cmex10' loaded for size
(Font)              <8> on input line 4.
LaTeX Font Info:    External font `cmex10' loaded for size
(Font)              <6> on input line 4.
 [1


])
\tf@toc=\write3
\openout3 = `docs.toc'.

 [2]
Chapter 1.
[3

]
Overfull \hbox (6.79999pt too wide) in paragraph at lines 124--124
[] 
 []

LaTeX Font Info:    Try loading font information for OMS+cmr on input line 124.

(/usr/local/texlive/2007/texmf-dist/tex/latex/base/omscmr.fd
File: omscmr.fd 1999/05/25 v2.5h Standard LaTeX font definitions
)
LaTeX Font Info:    Font shape `OMS/cmr/m/n' in size <10.95> not available
(Font)              Font shape `OMS/cmsy/m/n' tried instead on input line 124.

Overfull \hbox (6.79999pt too wide) in paragraph at lines 466--466
[] 
 []

[4]
LaTeX Font Info:    Font shape `OMS/cmr/m/n' in size <10> not available
(Font)              Font shape `OMS/cmsy/m/n' tried instead on input line 466.
 [5] [6]
Overfull \hbox (6.79999pt too wide) in paragraph at lines 851--851
[] 
 []

[7] [8]
Overfull \hbox (6.79999pt too wide) in paragraph at lines 1034--1034
[] 
 []

[9] [10]
Overfull \hbox (6.79999pt too wide) in paragraph at lines 1237--1237
[] 
 []

[11] [12] [13]
Chapter 2.
[14

]
Overfull \hbox (6.79999pt too wide) in paragraph at lines 1742--1742
[] 
 []

[15] [16] [17]
Overfull \hbox (6.79999pt too wide) in paragraph at lines 2197--2197
[] 
 []

[18] [19] [20] [21]
Overfull \hbox (6.79999pt too wide) in paragraph at lines 2484--2484
[] 
 []

[22] [23]
Overfull \hbox (6.79999pt too wide) in paragraph at lines 2558--2558
[] 
 []

[24] [25]
Overfull \hbox (6.79999pt too wide) in paragraph at lines 2587--2587
[] 
 []


Overfull \hbox (6.79999pt too wide) in paragraph at lines 2673--2673
[] 
 []

[26]
Overfull \hbox (6.79999pt too wide) in paragraph at lines 2726--2726
[] 
 []

[27] [28]
Chapter 3.
[29

]
Overfull \hbox (6.79999pt too wide) in paragraph at lines 2827--2827
[] 
 []


Overfull \hbox (6.79999pt too wide) in paragraph at lines 2959--2959
[] 
 []

[30] [31]
Overfull \hbox (6.79999pt too wide) in paragraph at lines 3052--3052
[] 
 []


Overfull \hbox (6.79999pt too wide) in paragraph at lines 3239--3239
[] 
 []

[32] [33]
Overfull \hbox (6.79999pt too wide) in paragraph at lines 3287--3287
[] 
 []

[34]
Overfull \hbox (6.79999pt too wide) in paragraph at lines 3492--3492
[] 
 []

[35] [36]
Chapter 4.
[37

]
Overfull \hbox (6.79999pt too wide) in paragraph at lines 3760--3760
[] 
 []

[38] [39]
Overfull \hbox (6.79999pt too wide) in paragraph at lines 3789--3789
[] 
 []

[40]
Chapter 5.
[41

]
Overfull \hbox (6.79999pt too wide) in paragraph at lines 3862--3862
[] 
 []


Overfull \hbox (6.79999pt too wide) in paragraph at lines 3911--3911
[] 
 []

[42]
Overfull \hbox (6.79999pt too wide) in paragraph at lines 3974--3974
[] 
 []


Overfull \hbox (6.79999pt too wide) in paragraph at lines 4021--4021
[] 
 []

[43]
Overfull \hbox (6.79999pt too wide) in paragraph at lines 4094--4094
[] 
 []

[44] [45]
Chapter 6.
[46

]
Overfull \hbox (6.79999pt too wide) in paragraph at lines 4165--4165
[] 
 []


Overfull \hbox (6.79999pt too wide) in paragraph at lines 4208--4208
[] 
 []

[47] [48]
Chapter 7.
[49

]
Overfull \hbox (6.79999pt too wide) in paragraph at lines 4260--4260
[] 
 []

LaTeX Font Info:    External font `cmex10' loaded for size
(Font)              <7> on input line 4260.
LaTeX Font Info:    External font `cmex10' loaded for size
(Font)              <5> on input line 4260.

Overfull \hbox (6.79999pt too wide) in paragraph at lines 4291--4291
[] 
 []

[50]
Overfull \hbox (6.79999pt too wide) in paragraph at lines 4322--4322
[] 
 []


Overfull \hbox (6.79999pt too wide) in paragraph at lines 4353--4353
[] 
 []


Overfull \hbox (6.79999pt too wide) in paragraph at lines 4402--4402
[] 
 []

[51]
Overfull \hbox (6.79999pt too wide) in paragraph at lines 4432--4432
[] 
 []

[52] (./docs.aux) ) 
Here is how much of TeX's memory you used:
 1206 strings out of 94074
 11544 string characters out of 1163007
 70901 words of memory out of 1500000
 4541 multiletter control sequences out of 10000+50000
 11400 words of font info for 40 fonts, out of 1200000 for 2000
 645 hyphenation exceptions out of 8191
 25i,6n,25p,175b,323s stack positions out of 5000i,500n,6000p,200000b,5000s

Output written on docs.dvi (52 pages, 159340 bytes).
